TN:
SF:app.js
FN:30,(anonymous_0)
FN:35,(anonymous_1)
FNF:2
FNH:1
FNDA:0,(anonymous_0)
FNDA:1,(anonymous_1)
DA:1,1
DA:2,1
DA:3,1
DA:4,1
DA:6,1
DA:7,1
DA:13,1
DA:14,1
DA:19,1
DA:24,1
DA:30,1
DA:31,0
DA:35,1
DA:36,1
DA:37,1
DA:40,1
LF:16
LH:15
BRDA:36,0,0,0
BRDA:36,0,1,1
BRF:2
BRH:1
end_of_record
TN:
SF:secret.js
FNF:0
FNH:0
DA:1,1
DA:3,1
LF:2
LH:2
BRF:0
BRH:0
end_of_record
TN:
SF:routes/user.js
FN:8,(anonymous_0)
FN:26,(anonymous_1)
FN:28,(anonymous_2)
FN:35,(anonymous_3)
FN:42,(anonymous_4)
FN:51,(anonymous_5)
FN:54,(anonymous_6)
FN:61,(anonymous_7)
FN:67,(anonymous_8)
FN:78,(anonymous_9)
FN:86,(anonymous_10)
FN:95,(anonymous_11)
FNF:12
FNH:12
FNDA:1,(anonymous_0)
FNDA:1,(anonymous_1)
FNDA:1,(anonymous_2)
FNDA:1,(anonymous_3)
FNDA:1,(anonymous_4)
FNDA:1,(anonymous_5)
FNDA:1,(anonymous_6)
FNDA:1,(anonymous_7)
FNDA:1,(anonymous_8)
FNDA:1,(anonymous_9)
FNDA:1,(anonymous_10)
FNDA:1,(anonymous_11)
DA:1,1
DA:2,1
DA:3,1
DA:4,1
DA:5,1
DA:8,1
DA:9,1
DA:10,0
DA:13,1
DA:14,1
DA:17,1
DA:24,1
DA:26,1
DA:27,1
DA:28,1
DA:30,1
DA:31,1
DA:35,1
DA:36,1
DA:37,1
DA:38,0
DA:39,0
DA:42,1
DA:44,1
DA:45,1
DA:46,1
DA:51,1
DA:52,1
DA:54,1
DA:56,1
DA:57,1
DA:61,1
DA:62,1
DA:64,1
DA:68,1
DA:70,1
DA:71,1
DA:73,1
DA:76,1
DA:77,0
DA:80,1
DA:81,1
DA:86,1
DA:88,1
DA:89,1
DA:97,1
DA:98,1
LF:47
LH:43
BRDA:9,0,0,0
BRDA:9,0,1,1
BRDA:37,1,0,0
BRDA:37,1,1,1
BRDA:71,2,0,1
BRDA:71,2,1,0
BRF:6
BRH:3
end_of_record
TN:
SF:utils/loger.js
FN:29,(anonymous_0)
FN:33,(anonymous_1)
FN:42,(anonymous_2)
FN:60,(anonymous_3)
FN:78,(anonymous_4)
FNF:5
FNH:4
FNDA:1,(anonymous_0)
FNDA:1,(anonymous_1)
FNDA:10,(anonymous_2)
FNDA:0,(anonymous_3)
FNDA:1,(anonymous_4)
DA:1,1
DA:3,1
DA:4,1
DA:6,1
DA:12,1
DA:14,1
DA:16,1
DA:30,1
DA:34,1
DA:35,1
DA:36,1
DA:38,1
DA:39,0
DA:43,10
DA:44,10
DA:45,0
DA:48,10
DA:49,0
DA:52,10
DA:53,0
DA:56,10
DA:57,10
DA:61,0
DA:62,0
DA:63,0
DA:66,0
DA:67,0
DA:70,0
DA:71,0
DA:74,0
DA:75,0
DA:79,1
DA:80,1
DA:81,0
DA:84,1
DA:85,0
DA:88,1
DA:89,0
DA:92,1
DA:93,1
DA:97,1
LF:41
LH:25
BRDA:22,0,0,0
BRDA:22,0,1,1
BRDA:38,1,0,0
BRDA:38,1,1,1
BRDA:38,2,0,1
BRDA:38,2,1,1
BRDA:38,2,2,1
BRDA:44,3,0,0
BRDA:44,3,1,10
BRDA:48,4,0,0
BRDA:48,4,1,10
BRDA:52,5,0,0
BRDA:52,5,1,10
BRDA:62,6,0,0
BRDA:62,6,1,0
BRDA:66,7,0,0
BRDA:66,7,1,0
BRDA:70,8,0,0
BRDA:70,8,1,0
BRDA:80,9,0,0
BRDA:80,9,1,1
BRDA:84,10,0,0
BRDA:84,10,1,1
BRDA:88,11,0,0
BRDA:88,11,1,1
BRF:25
BRH:11
end_of_record
